<?xml version="1.0" encoding="UTF-8"?>
<!-- Generated by org.testng.reporters.JUnitReportReporter -->
<testsuite hostname="inh-gmandala-dt" name="icd_p.aol" tests="1" failures="0" timestamp="5 Feb 2015 12:56:23 GMT" time="19.220" errors="0">
  <testcase name="Test1" time="19.220" classname="icd_p.aol"/>
</testsuite> <!-- icd_p.aol -->
